<?xml version="1.0" encoding="UTF-8"?>
<!-- Generated by org.testng.reporters.JUnitReportReporter -->
<testsuite hostname="Amits-MacBook-Air.local" failures="0" tests="3" name="com.qa.orangehrm.tests.assignLeaveTest" time="10.054" errors="0" timestamp="22 Jan 2020 20:44:22 GMT" skipped="0">
  <testcase classname="com.qa.orangehrm.tests.assignLeaveTest" name="verifyPage" time="0.162"/>
  <testcase classname="com.qa.orangehrm.tests.assignLeaveTest" name="loginToApplication" time="3.883"/>
  <testcase classname="com.qa.orangehrm.tests.assignLeaveTest" name="createUserFromAdminApplication" time="6.009"/>
</testsuite> <!-- com.qa.orangehrm.tests.assignLeaveTest -->
