<?xml version="1.0" encoding="UTF-8"?>
<!-- Generated by org.testng.reporters.JUnitReportReporter -->
<testsuite hostname="Amits-MacBook-Air.local" failures="0" tests="2" name="com.qa.orangehrm.tests.LoginScenarios" time="4.787" errors="0" timestamp="17 Feb 2020 01:38:18 GMT" skipped="0">
  <testcase classname="com.qa.orangehrm.tests.LoginScenarios" name="verifyPage" time="0.110"/>
  <testcase classname="com.qa.orangehrm.tests.LoginScenarios" name="loginToApplication" time="4.677"/>
</testsuite> <!-- com.qa.orangehrm.tests.LoginScenarios -->
