<?xml version="1.0" encoding="UTF-8"?>
<!-- Generated by org.testng.reporters.JUnitReportReporter -->
<testsuite hostname="Amits-MacBook-Air.local" failures="0" tests="3" name="com.qa.orangehrm.tests.CreateUserAdminTest" time="8.244" errors="0" timestamp="17 Feb 2020 01:38:18 GMT" skipped="0">
  <testcase classname="com.qa.orangehrm.tests.CreateUserAdminTest" name="verifyPage" time="0.154"/>
  <testcase classname="com.qa.orangehrm.tests.CreateUserAdminTest" name="loginToApplication" time="3.149"/>
  <testcase classname="com.qa.orangehrm.tests.CreateUserAdminTest" name="createUserFromAdminApplication" time="4.941"/>
</testsuite> <!-- com.qa.orangehrm.tests.CreateUserAdminTest -->
